2021-03-01 10:09:20,681 INFO o.a.j.u.JMeterUtils: Setting Locale to ja_JP
2021-03-01 10:09:20,711 INFO o.a.j.u.JMeterUtils: Could not find resources for 'ja_JP', using 'ja'
2021-03-01 10:09:20,712 INFO o.a.j.JMeter: Loading user properties from: /opt/apache-jmeter-5.4.1/bin/user.properties
2021-03-01 10:09:20,713 INFO o.a.j.JMeter: Loading system properties from: /opt/apache-jmeter-5.4.1/bin/system.properties
2021-03-01 10:09:20,719 INFO o.a.j.JMeter: Copyright (c) 1998-2021 The Apache Software Foundation
2021-03-01 10:09:20,719 INFO o.a.j.JMeter: Version 5.4.1
2021-03-01 10:09:20,719 INFO o.a.j.JMeter: java.version=11.0.10
2021-03-01 10:09:20,719 INFO o.a.j.JMeter: java.vm.name=OpenJDK 64-Bit Server VM
2021-03-01 10:09:20,719 INFO o.a.j.JMeter: os.name=Linux
2021-03-01 10:09:20,720 INFO o.a.j.JMeter: os.arch=amd64
2021-03-01 10:09:20,720 INFO o.a.j.JMeter: os.version=5.4.72-microsoft-standard-WSL2
2021-03-01 10:09:20,720 INFO o.a.j.JMeter: file.encoding=UTF-8
2021-03-01 10:09:20,720 INFO o.a.j.JMeter: java.awt.headless=null
2021-03-01 10:09:20,720 INFO o.a.j.JMeter: Max memory     =1073741824
2021-03-01 10:09:20,720 INFO o.a.j.JMeter: Available Processors =8
2021-03-01 10:09:20,728 INFO o.a.j.JMeter: Default Locale=日本語 (日本)
2021-03-01 10:09:20,729 INFO o.a.j.JMeter: JMeter  Locale=日本語 (日本)
2021-03-01 10:09:20,729 INFO o.a.j.JMeter: JMeterHome=/opt/apache-jmeter-5.4.1
2021-03-01 10:09:20,729 INFO o.a.j.JMeter: user.dir  =/home/ittimfn/cloud9_note
2021-03-01 10:09:20,729 INFO o.a.j.JMeter: PWD       =/home/ittimfn/cloud9_note
2021-03-01 10:09:20,729 INFO o.a.j.JMeter: IP: 127.0.1.1 Name: DESKTOP-N4JLN1S FullName: DESKTOP-N4JLN1S.localdomain
2021-03-01 10:09:20,792 INFO o.a.j.JMeter: Setting LAF to: com.github.weisj.darklaf.DarkLaf:com.github.weisj.darklaf.theme.DarculaTheme
2021-03-01 10:09:22,048 ERROR o.a.j.JMeter: An error occurred: 
java.awt.HeadlessException: 
No X11 DISPLAY variable was set, but this program performed an operation which requires it.
	at java.awt.GraphicsEnvironment.checkHeadless(GraphicsEnvironment.java:208) ~[?:?]
	at java.awt.Window.<init>(Window.java:548) ~[?:?]
	at java.awt.Frame.<init>(Frame.java:423) ~[?:?]
	at java.awt.Frame.<init>(Frame.java:388) ~[?:?]
	at javax.swing.SwingUtilities$SharedOwnerFrame.<init>(SwingUtilities.java:1919) ~[?:?]
	at javax.swing.SwingUtilities.getSharedOwnerFrame(SwingUtilities.java:1995) ~[?:?]
	at javax.swing.JDialog.<init>(JDialog.java:273) ~[?:?]
	at javax.swing.JDialog.<init>(JDialog.java:207) ~[?:?]
	at javax.swing.JDialog.<init>(JDialog.java:155) ~[?:?]
	at org.apache.jmeter.SplashScreen.<init>(SplashScreen.java:52) ~[ApacheJMeter_core.jar:5.4.1]
	at org.apache.jmeter.JMeter.startGui(JMeter.java:387) ~[ApacheJMeter_core.jar:5.4.1]
	at org.apache.jmeter.JMeter.start(JMeter.java:560) [ApacheJMeter_core.jar:5.4.1]
	at jdk.internal.reflect.NativeMethodAccessorImpl.invoke0(Native Method) ~[?:?]
	at jdk.internal.reflect.NativeMethodAccessorImpl.invoke(NativeMethodAccessorImpl.java:62) ~[?:?]
	at jdk.internal.reflect.DelegatingMethodAccessorImpl.invoke(DelegatingMethodAccessorImpl.java:43) ~[?:?]
	at java.lang.reflect.Method.invoke(Method.java:566) ~[?:?]
	at org.apache.jmeter.NewDriver.main(NewDriver.java:254) [ApacheJMeter.jar:5.4.1]
